# JRE version: Java(TM) SE Runtime Environment (8.0_60-b27) (build 1.8.0_60-b27)
# Java VM: Java HotSpot(TM) 64-Bit Server VM (25.60-b23 mixed mode linux-amd64 compressed oops)
Heap:
 PSYoungGen      total 71168K, used 7664K [0x00000000ebd80000, 0x00000000f0a80000, 0x0000000100000000)
  eden space 63488K, 0% used [0x00000000ebd80000,0x00000000ebd80000,0x00000000efb80000)
  from space 7680K, 99% used [0x00000000efb80000,0x00000000f02fc010,0x00000000f0300000)
  to   space 7680K, 0% used [0x00000000f0300000,0x00000000f0300000,0x00000000f0a80000)
 ParOldGen       total 42496K, used 10464K [0x00000000c3800000, 0x00000000c6180000, 0x00000000ebd80000)
  object space 42496K, 24% used [0x00000000c3800000,0x00000000c42381d0,0x00000000c6180000)
 Metaspace       used 14240K, capacity 14510K, committed 14848K, reserved 1062912K
  class space    used 1667K, capacity 1751K, committed 1792K, reserved 1048576K
GC Heap History (10 events):
Event: 7,189 GC heap after
Heap after GC invocations=2 (full 0):
 PSYoungGen      total 18432K, used 2545K [0x00000000ebd80000, 0x00000000ee180000, 0x0000000100000000)
  eden space 15872K, 0% used [0x00000000ebd80000,0x00000000ebd80000,0x00000000ecd00000)
  from space 2560K, 99% used [0x00000000ecf80000,0x00000000ed1fc5c0,0x00000000ed200000)
  to   space 2560K, 0% used [0x00000000ecd00000,0x00000000ecd00000,0x00000000ecf80000)
 ParOldGen       total 42496K, used 1062K [0x00000000c3800000, 0x00000000c6180000, 0x00000000ebd80000)
  object space 42496K, 2% used [0x00000000c3800000,0x00000000c39099d0,0x00000000c6180000)
 Metaspace       used 7693K, capacity 7880K, committed 7936K, reserved 1056768K
  class space    used 940K, capacity 988K, committed 1024K, reserved 1048576K
}
Event: 9,185 GC heap before
{Heap before GC invocations=3 (full 0):
 PSYoungGen      total 18432K, used 18417K [0x00000000ebd80000, 0x00000000ee180000, 0x0000000100000000)
  eden space 15872K, 100% used [0x00000000ebd80000,0x00000000ecd00000,0x00000000ecd00000)
  from space 2560K, 99% used [0x00000000ecf80000,0x00000000ed1fc5c0,0x00000000ed200000)
  to   space 2560K, 0% used [0x00000000ecd00000,0x00000000ecd00000,0x00000000ecf80000)
 ParOldGen       total 42496K, used 1062K [0x00000000c3800000, 0x00000000c6180000, 0x00000000ebd80000)
  object space 42496K, 2% used [0x00000000c3800000,0x00000000c39099d0,0x00000000c6180000)
 Metaspace       used 9899K, capacity 10148K, committed 10368K, reserved 1058816K
  class space    used 1230K, capacity 1318K, committed 1408K, reserved 1048576K
Event: 9,205 GC heap after
Heap after GC invocations=3 (full 0):
 PSYoungGen      total 18432K, used 2544K [0x00000000ebd80000, 0x00000000ee180000, 0x0000000100000000)
  eden space 15872K, 0% used [0x00000000ebd80000,0x00000000ebd80000,0x00000000ecd00000)
  from space 2560K, 99% used [0x00000000ecd00000,0x00000000ecf7c010,0x00000000ecf80000)
  to   space 2560K, 0% used [0x00000000edf00000,0x00000000edf00000,0x00000000ee180000)
 ParOldGen       total 42496K, used 2836K [0x00000000c3800000, 0x00000000c6180000, 0x00000000ebd80000)
  object space 42496K, 6% used [0x00000000c3800000,0x00000000c3ac5270,0x00000000c6180000)
 Metaspace       used 9899K, capacity 10148K, committed 10368K, reserved 1058816K
  class space    used 1230K, capacity 1318K, committed 1408K, reserved 1048576K
}
Event: 12,782 GC heap before
{Heap before GC invocations=4 (full 0):
 PSYoungGen      total 18432K, used 18416K [0x00000000ebd80000, 0x00000000ee180000, 0x0000000100000000)
  eden space 15872K, 100% used [0x00000000ebd80000,0x00000000ecd00000,0x00000000ecd00000)
  from space 2560K, 99% used [0x00000000ecd00000,0x00000000ecf7c010,0x00000000ecf80000)
  to   space 2560K, 0% used [0x00000000edf00000,0x00000000edf00000,0x00000000ee180000)
 ParOldGen       total 42496K, used 2836K [0x00000000c3800000, 0x00000000c6180000, 0x00000000ebd80000)
  object space 42496K, 6% used [0x00000000c3800000,0x00000000c3ac5270,0x00000000c6180000)
 Metaspace       used 12208K, capacity 12442K, committed 12672K, reserved 1060864K
  class space    used 1527K, capacity 1609K, committed 1664K, reserved 1048576K
Event: 12,824 GC heap after
Heap after GC invocations=4 (full 0):
 PSYoungGen      total 34304K, used 2544K [0x00000000ebd80000, 0x00000000ee180000, 0x0000000100000000)
  eden space 31744K, 0% used [0x00000000ebd80000,0x00000000ebd80000,0x00000000edc80000)
  from space 2560K, 99% used [0x00000000edf00000,0x00000000ee17c010,0x00000000ee180000)
  to   space 2560K, 0% used [0x00000000edc80000,0x00000000edc80000,0x00000000edf00000)
 ParOldGen       total 42496K, used 5416K [0x00000000c3800000, 0x00000000c6180000, 0x00000000ebd80000)
  object space 42496K, 12% used [0x00000000c3800000,0x00000000c3d4a060,0x00000000c6180000)
 Metaspace       used 12208K, capacity 12442K, committed 12672K, reserved 1060864K
  class space    used 1527K, capacity 1609K, committed 1664K, reserved 1048576K
}
Event: 17,654 GC heap before
{Heap before GC invocations=5 (full 0):
 PSYoungGen      total 34304K, used 34288K [0x00000000ebd80000, 0x00000000ee180000, 0x0000000100000000)
  eden space 31744K, 100% used [0x00000000ebd80000,0x00000000edc80000,0x00000000edc80000)
  from space 2560K, 99% used [0x00000000edf00000,0x00000000ee17c010,0x00000000ee180000)
  to   space 2560K, 0% used [0x00000000edc80000,0x00000000edc80000,0x00000000edf00000)
 ParOldGen       total 42496K, used 5416K [0x00000000c3800000, 0x00000000c6180000, 0x00000000ebd80000)
  object space 42496K, 12% used [0x00000000c3800000,0x00000000c3d4a060,0x00000000c6180000)
 Metaspace       used 13438K, capacity 13714K, committed 14080K, reserved 1060864K
  class space    used 1634K, capacity 1709K, committed 1792K, reserved 1048576K
Event: 17,702 GC heap after
Heap after GC invocations=5 (full 0):
 PSYoungGen      total 34304K, used 2544K [0x00000000ebd80000, 0x00000000f0a80000, 0x0000000100000000)
  eden space 31744K, 0% used [0x00000000ebd80000,0x00000000ebd80000,0x00000000edc80000)
  from space 2560K, 99% used [0x00000000edc80000,0x00000000edefc030,0x00000000edf00000)
  to   space 7680K, 0% used [0x00000000f0300000,0x00000000f0300000,0x00000000f0a80000)
 ParOldGen       total 42496K, used 9632K [0x00000000c3800000, 0x00000000c6180000, 0x00000000ebd80000)
  object space 42496K, 22% used [0x00000000c3800000,0x00000000c4168180,0x00000000c6180000)
 Metaspace       used 13438K, capacity 13714K, committed 14080K, reserved 1060864K
  class space    used 1634K, capacity 1709K, committed 1792K, reserved 1048576K
}
Event: 22,117 GC heap before
{Heap before GC invocations=6 (full 0):
 PSYoungGen      total 34304K, used 34288K [0x00000000ebd80000, 0x00000000f0a80000, 0x0000000100000000)
  eden space 31744K, 100% used [0x00000000ebd80000,0x00000000edc80000,0x00000000edc80000)
  from space 2560K, 99% used [0x00000000edc80000,0x00000000edefc030,0x00000000edf00000)
  to   space 7680K, 0% used [0x00000000f0300000,0x00000000f0300000,0x00000000f0a80000)
 ParOldGen       total 42496K, used 9632K [0x00000000c3800000, 0x00000000c6180000, 0x00000000ebd80000)
  object space 42496K, 22% used [0x00000000c3800000,0x00000000c4168180,0x00000000c6180000)
 Metaspace       used 13892K, capacity 14090K, committed 14336K, reserved 1062912K
  class space    used 1661K, capacity 1745K, committed 1792K, reserved 1048576K
Event: 22,179 GC heap after
Heap after GC invocations=6 (full 0):
 PSYoungGen      total 71168K, used 5299K [0x00000000ebd80000, 0x00000000f0a80000, 0x0000000100000000)
  eden space 63488K, 0% used [0x00000000ebd80000,0x00000000ebd80000,0x00000000efb80000)
  from space 7680K, 69% used [0x00000000f0300000,0x00000000f082cd78,0x00000000f0a80000)
  to   space 7680K, 0% used [0x00000000efb80000,0x00000000efb80000,0x00000000f0300000)
 ParOldGen       total 42496K, used 9640K [0x00000000c3800000, 0x00000000c6180000, 0x00000000ebd80000)
  object space 42496K, 22% used [0x00000000c3800000,0x00000000c416a180,0x00000000c6180000)
 Metaspace       used 13892K, capacity 14090K, committed 14336K, reserved 1062912K
  class space    used 1661K, capacity 1745K, committed 1792K, reserved 1048576K
}
Event: 29,858 GC heap before
{Heap before GC invocations=7 (full 0):
 PSYoungGen      total 71168K, used 68787K [0x00000000ebd80000, 0x00000000f0a80000, 0x0000000100000000)
  eden space 63488K, 100% used [0x00000000ebd80000,0x00000000efb80000,0x00000000efb80000)
  from space 7680K, 69% used [0x00000000f0300000,0x00000000f082cd78,0x00000000f0a80000)
  to   space 7680K, 0% used [0x00000000efb80000,0x00000000efb80000,0x00000000f0300000)
 ParOldGen       total 42496K, used 9640K [0x00000000c3800000, 0x00000000c6180000, 0x00000000ebd80000)
  object space 42496K, 22% used [0x00000000c3800000,0x00000000c416a180,0x00000000c6180000)
 Metaspace       used 14240K, capacity 14510K, committed 14848K, reserved 1062912K
  class space    used 1667K, capacity 1751K, committed 1792K, reserved 1048576K

